test.obj : error LNK2019: 无法解析的外部符号 _peintf，函数 _main 中引用了该符号
D:\代码\6-21-3\Debug\6-21-3.exe : fatal error LNK1120: 1 个无法解析的外部命令
